<?xml version="1.0" encoding="UTF-8"?>
<!-- Generated by org.testng.reporters.JUnitReportReporter -->
<testsuite skipped="0" hostname="LAPTOP-2IFPPCPP" name="qaclickacademy.AppTest" tests="1" failures="0" timestamp="04 Jun 2019 20:14:43 GMT" time="0.000" errors="0">
  <testcase name="testApp" time="0.000" classname="qaclickacademy.AppTest"/>
</testsuite> <!-- qaclickacademy.AppTest -->
