<?xml version="1.0" encoding="UTF-8"?>
<!-- Generated by org.testng.reporters.JUnitReportReporter -->
<testsuite name="qaclickacademy.BlankTest" tests="1" time="0.016" ignored="0" failures="0" timestamp="04 Jun 2019 21:08:27 GMT" skipped="0" hostname="LAPTOP-2IFPPCPP" errors="0">
  <testcase name="hello" time="0.016" classname="qaclickacademy.BlankTest"/>
</testsuite> <!-- qaclickacademy.BlankTest -->
