<?xml version="1.0" encoding="UTF-8"?>
<!-- Generated by org.testng.reporters.JUnitReportReporter -->
<testsuite skipped="0" hostname="LAPTOP-2IFPPCPP" name="qaclickacademy.BlankTest" tests="1" failures="0" timestamp="04 Jun 2019 21:09:49 GMT" time="0.000" errors="0">
  <testcase name="hello" time="0.000" classname="qaclickacademy.BlankTest"/>
</testsuite> <!-- qaclickacademy.BlankTest -->
